<?xml version="1.0" encoding="UTF-8"?>
<!-- Generated by org.testng.reporters.JUnitXMLReporter -->
<testsuite ignored="0" hostname="DESKTOP-8DVMVCJ" failures="0" tests="3" name="Default test" time="51.458" errors="0" timestamp="2021-09-17T21:02:37 IST">
  <testcase classname="TestNG.Automate1" name="ValidateLogin" time="15.667"/>
  <testcase classname="TestNG.Automate1" name="ValidateLogin" time="13.844"/>
  <testcase classname="TestNG.Automate1" name="ValidateLogin" time="21.743"/>
</testsuite> <!-- Default test -->
