<?xml version="1.0" encoding="UTF-8"?>
<!-- Generated by org.testng.reporters.JUnitXMLReporter -->
<testsuite ignored="0" hostname="DESKTOP-8DVMVCJ" failures="0" tests="3" name="Test1" time="53.675" errors="0" timestamp="2021-10-15T18:45:43 IST">
  <testcase classname="TestNG.Automate1" name="ValidateLogin" time="18.641"/>
  <testcase classname="TestNG.Automate1" name="ValidateLogin" time="14.897"/>
  <testcase classname="TestNG.Automate1" name="ValidateLogin" time="19.67"/>
</testsuite> <!-- Test1 -->
